<?xml version="1.0" encoding="UTF-8"?>
<testng-results ignored="0" total="1" passed="1" failed="0" skipped="0">
  <reporter-output>
  </reporter-output>
  <suite started-at="2024-03-22T17:10:22 IST" name="Default suite" finished-at="2024-03-22T17:10:26 IST" duration-ms="4157">
    <groups>
    </groups>
    <test started-at="2024-03-22T17:10:22 IST" name="Default test" finished-at="2024-03-22T17:10:26 IST" duration-ms="4157">
      <class name="saucedemotest.SauceDemoTest">
        <test-method is-config="true" signature="setup()[pri:0, instance:saucedemotest.SauceDemoTest@2892d68]" started-at="2024-03-22T17:10:22 IST" name="setup" finished-at="2024-03-22T17:10:24 IST" duration-ms="1890" status="PASS">
          <reporter-output>
          </reporter-output>
        </test-method> <!-- setup -->
        <test-method signature="logintest()[pri:0, instance:saucedemotest.SauceDemoTest@2892d68]" started-at="2024-03-22T17:10:24 IST" name="logintest" finished-at="2024-03-22T17:10:26 IST" duration-ms="2234" status="PASS">
          <reporter-output>
          </reporter-output>
        </test-method> <!-- logintest -->
      </class> <!-- saucedemotest.SauceDemoTest -->
    </test> <!-- Default test -->
  </suite> <!-- Default suite -->
</testng-results>
